app/build/intermediates/manifest_merge_blame_file/release/manifest-merger-blame-release-report.txt
1<?xml version="1.0" encoding="utf-8"?>
2<manifest xmlns:android="http://schemas.android.com/apk/res/android"
3    package="com.dooo.android"
4    android:versionCode="1"
5    android:versionName="1.0.0" >
6
7    <uses-sdk
8        android:minSdkVersion="23"
9        android:targetSdkVersion="33" />
10
11    <uses-permission android:name="android.permission.READ_PRIVILEGED_PHONE_STATE" />
11-->src/main/AndroidManifest.xml:5:5-7:47
11-->src/main/AndroidManifest.xml:6:9-70
12    <uses-permission android:name="android.permission.INTERNET" />
12-->src/main/AndroidManifest.xml:8:5-67
12-->src/main/AndroidManifest.xml:8:22-64
13    <uses-permission android:name="android.permission.FOREGROUND_SERVICE" />
13-->src/main/AndroidManifest.xml:9:5-77
13-->src/main/AndroidManifest.xml:9:22-74
14    <uses-permission android:name="android.permission.READ_PHONE_STATE" />
14-->src/main/AndroidManifest.xml:10:5-75
14-->src/main/AndroidManifest.xml:10:22-72
15    <uses-permission android:name="android.permission.ACCESS_NETWORK_STATE" />
15-->src/main/AndroidManifest.xml:11:5-79
15-->src/main/AndroidManifest.xml:11:22-76
16    <uses-permission android:name="android.permission.WAKE_LOCK" />
16-->src/main/AndroidManifest.xml:12:5-68
16-->src/main/AndroidManifest.xml:12:22-65
17    <uses-permission android:name="android.permission.RECEIVE_BOOT_COMPLETED" />
17-->src/main/AndroidManifest.xml:13:5-81
17-->src/main/AndroidManifest.xml:13:22-78
18    <uses-permission android:name="android.permission.BLUETOOTH" />
18-->src/main/AndroidManifest.xml:14:5-68
18-->src/main/AndroidManifest.xml:14:22-65
19    <uses-permission android:name="android.permission.ACCESS_WIFI_STATE" />
19-->src/main/AndroidManifest.xml:15:5-76
19-->src/main/AndroidManifest.xml:15:22-73
20    <uses-permission android:name="android.permission.REQUEST_INSTALL_PACKAGES" />
20-->src/main/AndroidManifest.xml:16:5-83
20-->src/main/AndroidManifest.xml:16:22-80
21    <uses-permission android:name="android.permission.VIBRATE" />
21-->src/main/AndroidManifest.xml:17:5-66
21-->src/main/AndroidManifest.xml:17:22-63
22    <uses-permission android:name="android.permission.POST_NOTIFICATIONS" />
22-->src/main/AndroidManifest.xml:18:5-77
22-->src/main/AndroidManifest.xml:18:22-74
23    <uses-permission android:name="android.permission.READ_MEDIA_*" />
23-->src/main/AndroidManifest.xml:19:5-71
23-->src/main/AndroidManifest.xml:19:22-68
24    <uses-permission
24-->src/main/AndroidManifest.xml:20:5-22:38
25        android:name="android.permission.READ_EXTERNAL_STORAGE"
25-->src/main/AndroidManifest.xml:21:9-64
26        android:maxSdkVersion="32" />
26-->src/main/AndroidManifest.xml:22:9-35
27    <uses-permission android:name="android.permission.WRITE_EXTERNAL_STORAGE" />
27-->src/main/AndroidManifest.xml:23:5-25:40
27-->src/main/AndroidManifest.xml:24:9-65
28
29    <queries>
29-->src/main/AndroidManifest.xml:27:5-31:15
30        <intent>
30-->src/main/AndroidManifest.xml:28:9-30:18
31            <action android:name="com.google.android.youtube.api.service.START" />
31-->src/main/AndroidManifest.xml:29:13-83
31-->src/main/AndroidManifest.xml:29:21-80
32        </intent>
33        <intent>
33-->[com.paypal.android:PayPalPartnerAuth:1.8.1] AndroidManifest.xml:18:9-24:18
34            <action android:name="android.intent.action.VIEW" />
34-->[com.paypal.checkout:android-sdk:1.1.0] AndroidManifest.xml:36:17-69
34-->[com.paypal.checkout:android-sdk:1.1.0] AndroidManifest.xml:36:25-66
35
36            <category android:name="android.intent.category.BROWSABLE" />
36-->[com.paypal.checkout:android-sdk:1.1.0] AndroidManifest.xml:39:17-78
36-->[com.paypal.checkout:android-sdk:1.1.0] AndroidManifest.xml:39:27-75
37
38            <data android:scheme="https" />
38-->src/main/AndroidManifest.xml:173:17-175:47
38-->src/main/AndroidManifest.xml:175:21-44
39        </intent> <!-- Specific apps you interact with, eg: -->
40        <package android:name="com.paytm.pgsdk.TransactionManager.PAYTM_APP_PACKAGE" />
40-->[com.paytm.appinvokesdk:appinvokesdk:1.6.11] AndroidManifest.xml:12:9-88
40-->[com.paytm.appinvokesdk:appinvokesdk:1.6.11] AndroidManifest.xml:12:18-85
41        <!--
42             Specific intents you query for,
43             eg: for a custom share UI
44        -->
45        <intent>
45-->[com.paytm.appinvokesdk:appinvokesdk:1.6.11] AndroidManifest.xml:17:9-19:18
46            <action android:name="android.intent.action.MAIN" />
46-->src/main/AndroidManifest.xml:117:17-69
46-->src/main/AndroidManifest.xml:117:25-66
47        </intent>
48
49        <package android:name="com.google.android.gms.policy_cast_dynamite" />
49-->[com.google.android.gms:play-services-cast-framework:21.3.0] AndroidManifest.xml:15:9-79
49-->[com.google.android.gms:play-services-cast-framework:21.3.0] AndroidManifest.xml:15:18-76
50
51        <intent>
51-->[com.razorpay:checkout:1.6.29] AndroidManifest.xml:13:9-19:18
52            <action android:name="android.intent.action.VIEW" />
52-->[com.paypal.checkout:android-sdk:1.1.0] AndroidManifest.xml:36:17-69
52-->[com.paypal.checkout:android-sdk:1.1.0] AndroidManifest.xml:36:25-66
53
54            <data
54-->src/main/AndroidManifest.xml:173:17-175:47
55                android:mimeType="*/*"
56                android:scheme="*" />
56-->src/main/AndroidManifest.xml:175:21-44
57        </intent>
58        <intent>
58-->[com.razorpay:checkout:1.6.29] AndroidManifest.xml:20:9-29:18
59            <action android:name="android.intent.action.VIEW" />
59-->[com.paypal.checkout:android-sdk:1.1.0] AndroidManifest.xml:36:17-69
59-->[com.paypal.checkout:android-sdk:1.1.0] AndroidManifest.xml:36:25-66
60
61            <category android:name="android.intent.category.BROWSABLE" />
61-->[com.paypal.checkout:android-sdk:1.1.0] AndroidManifest.xml:39:17-78
61-->[com.paypal.checkout:android-sdk:1.1.0] AndroidManifest.xml:39:27-75
62
63            <data
63-->src/main/AndroidManifest.xml:173:17-175:47
64                android:host="pay"
64-->src/main/AndroidManifest.xml:174:21-42
65                android:mimeType="*/*"
66                android:scheme="upi" />
66-->src/main/AndroidManifest.xml:175:21-44
67        </intent>
68        <intent>
68-->[com.razorpay:checkout:1.6.29] AndroidManifest.xml:33:9-37:18
69            <action android:name="android.intent.action.SEND" />
69-->[com.razorpay:checkout:1.6.29] AndroidManifest.xml:34:13-65
69-->[com.razorpay:checkout:1.6.29] AndroidManifest.xml:34:21-62
70
71            <data android:mimeType="*/*" />
71-->src/main/AndroidManifest.xml:173:17-175:47
72        </intent>
73        <intent>
73-->[com.razorpay:checkout:1.6.29] AndroidManifest.xml:38:9-40:18
74            <action android:name="rzp.device_token.share" />
74-->src/main/AndroidManifest.xml:161:17-65
74-->src/main/AndroidManifest.xml:161:25-62
75        </intent>
76
77        <package android:name="com.facebook.katana" />
77-->[com.facebook.android:audience-network-sdk:6.12.0] AndroidManifest.xml:12:9-55
77-->[com.facebook.android:audience-network-sdk:6.12.0] AndroidManifest.xml:12:18-52
78
79        <intent>
79-->[com.applovin:applovin-sdk:12.3.1] AndroidManifest.xml:8:9-10:18
80            <action android:name="com.applovin.am.intent.action.APPHUB_SERVICE" />
80-->[com.applovin:applovin-sdk:12.3.1] AndroidManifest.xml:9:13-83
80-->[com.applovin:applovin-sdk:12.3.1] AndroidManifest.xml:9:21-80
81        </intent>
82        <intent>
82-->[com.applovin:applovin-sdk:12.3.1] AndroidManifest.xml:11:9-13:18
83            <action android:name="android.support.customtabs.action.CustomTabsService" />
83-->[com.applovin:applovin-sdk:12.3.1] AndroidManifest.xml:12:13-90
83-->[com.applovin:applovin-sdk:12.3.1] AndroidManifest.xml:12:21-87
84        </intent>
85
86        <package android:name="com.android.vending" />
86-->[com.adcolony:sdk:4.8.0] AndroidManifest.xml:16:9-55
86-->[com.adcolony:sdk:4.8.0] AndroidManifest.xml:16:18-52
87        <package android:name="com.amazon.venezia" />
87-->[com.adcolony:sdk:4.8.0] AndroidManifest.xml:17:9-54
87-->[com.adcolony:sdk:4.8.0] AndroidManifest.xml:17:18-51
88        <package android:name="com.sec.android.app.samsungapps" />
88-->[com.adcolony:sdk:4.8.0] AndroidManifest.xml:18:9-67
88-->[com.adcolony:sdk:4.8.0] AndroidManifest.xml:18:18-64
89        <package android:name="com.huawei.appmarket" />
89-->[com.adcolony:sdk:4.8.0] AndroidManifest.xml:19:9-56
89-->[com.adcolony:sdk:4.8.0] AndroidManifest.xml:19:18-53
90    </queries>
91
92    <uses-permission android:name="com.google.android.gms.permission.AD_ID" /> <!-- Create a unique permission for your app and use it so only your app can receive your OneSignal messages. -->
92-->[unity-ads.aar] AndroidManifest.xml:11:5-79
92-->[unity-ads.aar] AndroidManifest.xml:11:22-76
93    <permission
93-->[com.onesignal:OneSignal:4.8.4] AndroidManifest.xml:7:5-9:47
94        android:name="com.dooo.android.permission.C2D_MESSAGE"
94-->[com.onesignal:OneSignal:4.8.4] AndroidManifest.xml:8:9-63
95        android:protectionLevel="signature" />
95-->[com.onesignal:OneSignal:4.8.4] AndroidManifest.xml:9:9-44
96
97    <uses-permission android:name="com.dooo.android.permission.C2D_MESSAGE" /> <!-- c2dm RECEIVE are basic requirements for push messages through Google's FCM -->
97-->[com.onesignal:OneSignal:4.8.4] AndroidManifest.xml:11:5-79
97-->[com.onesignal:OneSignal:4.8.4] AndroidManifest.xml:11:22-76
98    <uses-permission android:name="com.google.android.c2dm.permission.RECEIVE" /> <!-- START: ShortcutBadger -->
98-->[com.onesignal:OneSignal:4.8.4] AndroidManifest.xml:18:5-82
98-->[com.onesignal:OneSignal:4.8.4] AndroidManifest.xml:18:22-79
99    <!-- Samsung -->
100    <uses-permission android:name="com.sec.android.provider.badge.permission.READ" />
100-->[com.onesignal:OneSignal:4.8.4] AndroidManifest.xml:32:5-86
100-->[com.onesignal:OneSignal:4.8.4] AndroidManifest.xml:32:22-83
101    <uses-permission android:name="com.sec.android.provider.badge.permission.WRITE" /> <!-- HTC -->
101-->[com.onesignal:OneSignal:4.8.4] AndroidManifest.xml:33:5-87
101-->[com.onesignal:OneSignal:4.8.4] AndroidManifest.xml:33:22-84
102    <uses-permission android:name="com.htc.launcher.permission.READ_SETTINGS" />
102-->[com.onesignal:OneSignal:4.8.4] AndroidManifest.xml:34:5-81
102-->[com.onesignal:OneSignal:4.8.4] AndroidManifest.xml:34:22-78
103    <uses-permission android:name="com.htc.launcher.permission.UPDATE_SHORTCUT" /> <!-- Sony -->
103-->[com.onesignal:OneSignal:4.8.4] AndroidManifest.xml:35:5-83
103-->[com.onesignal:OneSignal:4.8.4] AndroidManifest.xml:35:22-80
104    <uses-permission android:name="com.sonyericsson.home.permission.BROADCAST_BADGE" />
104-->[com.onesignal:OneSignal:4.8.4] AndroidManifest.xml:36:5-88
104-->[com.onesignal:OneSignal:4.8.4] AndroidManifest.xml:36:22-85
105    <uses-permission android:name="com.sonymobile.home.permission.PROVIDER_INSERT_BADGE" /> <!-- Apex -->
105-->[com.onesignal:OneSignal:4.8.4] AndroidManifest.xml:37:5-92
105-->[com.onesignal:OneSignal:4.8.4] AndroidManifest.xml:37:22-89
106    <uses-permission android:name="com.anddoes.launcher.permission.UPDATE_COUNT" /> <!-- Solid -->
106-->[com.onesignal:OneSignal:4.8.4] AndroidManifest.xml:38:5-84
106-->[com.onesignal:OneSignal:4.8.4] AndroidManifest.xml:38:22-81
107    <uses-permission android:name="com.majeur.launcher.permission.UPDATE_BADGE" /> <!-- Huawei -->
107-->[com.onesignal:OneSignal:4.8.4] AndroidManifest.xml:39:5-83
107-->[com.onesignal:OneSignal:4.8.4] AndroidManifest.xml:39:22-80
108    <uses-permission android:name="com.huawei.android.launcher.permission.CHANGE_BADGE" />
108-->[com.onesignal:OneSignal:4.8.4] AndroidManifest.xml:40:5-91
108-->[com.onesignal:OneSignal:4.8.4] AndroidManifest.xml:40:22-88
109    <uses-permission android:name="com.huawei.android.launcher.permission.READ_SETTINGS" />
109-->[com.onesignal:OneSignal:4.8.4] AndroidManifest.xml:41:5-92
109-->[com.onesignal:OneSignal:4.8.4] AndroidManifest.xml:41:22-89
110    <uses-permission android:name="com.huawei.android.launcher.permission.WRITE_SETTINGS" /> <!-- ZUK -->
110-->[com.onesignal:OneSignal:4.8.4] AndroidManifest.xml:42:5-93
110-->[com.onesignal:OneSignal:4.8.4] AndroidManifest.xml:42:22-90
111    <uses-permission android:name="android.permission.READ_APP_BADGE" /> <!-- OPPO -->
111-->[com.onesignal:OneSignal:4.8.4] AndroidManifest.xml:43:5-73
111-->[com.onesignal:OneSignal:4.8.4] AndroidManifest.xml:43:22-70
112    <uses-permission android:name="com.oppo.launcher.permission.READ_SETTINGS" />
112-->[com.onesignal:OneSignal:4.8.4] AndroidManifest.xml:44:5-82
112-->[com.onesignal:OneSignal:4.8.4] AndroidManifest.xml:44:22-79
113    <uses-permission android:name="com.oppo.launcher.permission.WRITE_SETTINGS" /> <!-- EvMe -->
113-->[com.onesignal:OneSignal:4.8.4] AndroidManifest.xml:45:5-83
113-->[com.onesignal:OneSignal:4.8.4] AndroidManifest.xml:45:22-80
114    <uses-permission android:name="me.everything.badger.permission.BADGE_COUNT_READ" />
114-->[com.onesignal:OneSignal:4.8.4] AndroidManifest.xml:46:5-88
114-->[com.onesignal:OneSignal:4.8.4] AndroidManifest.xml:46:22-85
115    <uses-permission android:name="me.everything.badger.permission.BADGE_COUNT_WRITE" />
115-->[com.onesignal:OneSignal:4.8.4] AndroidManifest.xml:47:5-89
115-->[com.onesignal:OneSignal:4.8.4] AndroidManifest.xml:47:22-86
116    <uses-permission android:name="android.permission.USE_BIOMETRIC" /> <!-- suppress DeprecatedClassUsageInspection -->
116-->[androidx.biometric:biometric:1.2.0-alpha03] AndroidManifest.xml:24:5-72
116-->[androidx.biometric:biometric:1.2.0-alpha03] AndroidManifest.xml:24:22-69
117    <uses-permission android:name="android.permission.USE_FINGERPRINT" />
117-->[androidx.biometric:biometric:1.2.0-alpha03] AndroidManifest.xml:27:5-74
117-->[androidx.biometric:biometric:1.2.0-alpha03] AndroidManifest.xml:27:22-71
118    <uses-permission android:name="com.applovin.array.apphub.permission.BIND_APPHUB_SERVICE" />
118-->[com.applovin:applovin-sdk:12.3.1] AndroidManifest.xml:19:5-96
118-->[com.applovin:applovin-sdk:12.3.1] AndroidManifest.xml:19:22-93
119    <uses-permission android:name="com.google.android.finsky.permission.BIND_GET_INSTALL_REFERRER_SERVICE" />
119-->[com.google.android.gms:play-services-measurement:21.1.1] AndroidManifest.xml:26:5-110
119-->[com.google.android.gms:play-services-measurement:21.1.1] AndroidManifest.xml:26:22-107
120
121    <uses-feature
121-->[com.google.android.gms:play-services-maps:17.0.0] AndroidManifest.xml:26:5-28:35
122        android:glEsVersion="0x00020000"
122-->[com.google.android.gms:play-services-maps:17.0.0] AndroidManifest.xml:27:9-41
123        android:required="true" />
123-->[com.google.android.gms:play-services-maps:17.0.0] AndroidManifest.xml:28:9-32
124
125    <permission
125-->[androidx.core:core:1.10.1] AndroidManifest.xml:22:5-24:47
126        android:name="com.dooo.android.DYNAMIC_RECEIVER_NOT_EXPORTED_PERMISSION"
126-->[androidx.core:core:1.10.1] AndroidManifest.xml:23:9-81
127        android:protectionLevel="signature" />
127-->[androidx.core:core:1.10.1] AndroidManifest.xml:24:9-44
128
129    <uses-permission android:name="com.dooo.android.DYNAMIC_RECEIVER_NOT_EXPORTED_PERMISSION" />
129-->[androidx.core:core:1.10.1] AndroidManifest.xml:26:5-97
129-->[androidx.core:core:1.10.1] AndroidManifest.xml:26:22-94
130
131    <application
131-->src/main/AndroidManifest.xml:33:5-178:19
132        android:name="com.dooo.android.utils.AppOpenAdManagerActivity"
132-->src/main/AndroidManifest.xml:34:9-55
133        android:allowBackup="true"
133-->src/main/AndroidManifest.xml:35:9-35
134        android:appComponentFactory="androidx.core.app.CoreComponentFactory"
134-->[androidx.core:core:1.10.1] AndroidManifest.xml:28:18-86
135        android:extractNativeLibs="true"
136        android:hardwareAccelerated="true"
136-->src/main/AndroidManifest.xml:36:9-43
137        android:icon="@mipmap/ic_launcher"
137-->src/main/AndroidManifest.xml:37:9-43
138        android:label="@string/app_name"
138-->src/main/AndroidManifest.xml:38:9-41
139        android:requestLegacyExternalStorage="true"
139-->src/main/AndroidManifest.xml:39:9-52
140        android:roundIcon="@mipmap/ic_launcher"
140-->src/main/AndroidManifest.xml:40:9-48
141        android:supportsRtl="true"
141-->src/main/AndroidManifest.xml:41:9-35
142        android:theme="@style/Theme.Flex"
142-->src/main/AndroidManifest.xml:42:9-42
143        android:usesCleartextTraffic="true" >
143-->src/main/AndroidManifest.xml:43:9-44
144        <activity
144-->src/main/AndroidManifest.xml:44:9-46:40
145            android:name="com.dooo.android.video_player"
145-->src/main/AndroidManifest.xml:45:13-41
146            android:exported="false" />
146-->src/main/AndroidManifest.xml:46:13-37
147        <activity
147-->src/main/AndroidManifest.xml:47:9-49:40
148            android:name="com.dooo.android.AllWebSeriesActivity"
148-->src/main/AndroidManifest.xml:48:13-49
149            android:exported="false" />
149-->src/main/AndroidManifest.xml:49:13-37
150        <activity
150-->src/main/AndroidManifest.xml:50:9-52:40
151            android:name="com.dooo.android.AllMoviesActivity"
151-->src/main/AndroidManifest.xml:51:13-46
152            android:exported="false" />
152-->src/main/AndroidManifest.xml:52:13-37
153        <activity
153-->src/main/AndroidManifest.xml:53:9-55:40
154            android:name="com.dooo.android.CustomPaymentActivity"
154-->src/main/AndroidManifest.xml:54:13-50
155            android:exported="false" />
155-->src/main/AndroidManifest.xml:55:13-37
156        <activity
156-->src/main/AndroidManifest.xml:56:9-58:40
157            android:name="com.dooo.android.UpcomingActivity"
157-->src/main/AndroidManifest.xml:57:13-45
158            android:exported="false" />
158-->src/main/AndroidManifest.xml:58:13-37
159        <activity
159-->src/main/AndroidManifest.xml:59:9-61:40
160            android:name="com.dooo.android.LiveTvGenreDetailsActivity"
160-->src/main/AndroidManifest.xml:60:13-55
161            android:exported="false" />
161-->src/main/AndroidManifest.xml:61:13-37
162        <activity
162-->src/main/AndroidManifest.xml:62:9-64:40
163            android:name="com.dooo.android.FlutterwavePaymentGatway"
163-->src/main/AndroidManifest.xml:63:13-53
164            android:exported="false" />
164-->src/main/AndroidManifest.xml:64:13-37
165        <activity
165-->src/main/AndroidManifest.xml:65:9-71:20
166            android:name="com.dooo.android.PaytmPaymentGatway"
166-->src/main/AndroidManifest.xml:66:13-47
167            android:exported="false" >
167-->src/main/AndroidManifest.xml:67:13-37
168            <meta-data
168-->src/main/AndroidManifest.xml:68:13-70:36
169                android:name="android.app.lib_name"
169-->src/main/AndroidManifest.xml:69:17-52
170                android:value="" />
170-->src/main/AndroidManifest.xml:70:17-33
171        </activity>
172        <activity
172-->src/main/AndroidManifest.xml:72:9-74:40
173            android:name="com.dooo.android.UPI"
173-->src/main/AndroidManifest.xml:73:13-32
174            android:exported="false" />
174-->src/main/AndroidManifest.xml:74:13-37
175        <activity
175-->src/main/AndroidManifest.xml:75:9-77:40
176            android:name="com.dooo.android.PaypalPaymentGatway"
176-->src/main/AndroidManifest.xml:76:13-48
177            android:exported="false" />
177-->src/main/AndroidManifest.xml:77:13-37
178        <activity
178-->src/main/AndroidManifest.xml:78:9-80:40
179            android:name="com.dooo.android.Razorpay_Payment_gatway"
179-->src/main/AndroidManifest.xml:79:13-52
180            android:exported="false" />
180-->src/main/AndroidManifest.xml:80:13-37
181        <activity
181-->src/main/AndroidManifest.xml:81:9-83:39
182            android:name="com.dooo.android.LiveTVSearch"
182-->src/main/AndroidManifest.xml:82:13-41
183            android:exported="true" />
183-->src/main/AndroidManifest.xml:83:13-36
184        <activity android:name="com.dooo.android.GenreDetails" />
184-->src/main/AndroidManifest.xml:84:9-50
184-->src/main/AndroidManifest.xml:84:19-47
185        <activity android:name="com.dooo.android.AllGenre" />
185-->src/main/AndroidManifest.xml:85:9-46
185-->src/main/AndroidManifest.xml:85:19-43
186        <activity android:name="com.dooo.android.Downloads" />
186-->src/main/AndroidManifest.xml:86:9-47
186-->src/main/AndroidManifest.xml:86:19-44
187        <activity android:name="com.dooo.android.PrivecyPolicy" />
187-->src/main/AndroidManifest.xml:87:9-51
187-->src/main/AndroidManifest.xml:87:19-48
188        <activity android:name="com.dooo.android.TermsAndConditions" />
188-->src/main/AndroidManifest.xml:88:9-56
188-->src/main/AndroidManifest.xml:88:19-53
189        <activity
189-->src/main/AndroidManifest.xml:89:9-91:77
190            android:name="com.dooo.android.YoutubeLivePlayer"
190-->src/main/AndroidManifest.xml:90:13-46
191            android:configChanges="keyboardHidden|orientation|screenSize" />
191-->src/main/AndroidManifest.xml:91:13-74
192        <activity android:name="com.dooo.android.InAppUpdate" />
192-->src/main/AndroidManifest.xml:92:9-49
192-->src/main/AndroidManifest.xml:92:19-46
193        <activity android:name="com.dooo.android.LiveTv" />
193-->src/main/AndroidManifest.xml:93:9-44
193-->src/main/AndroidManifest.xml:93:19-41
194        <activity
194-->src/main/AndroidManifest.xml:94:9-96:77
195            android:name="com.dooo.android.EmbedPlayer"
195-->src/main/AndroidManifest.xml:95:13-40
196            android:configChanges="keyboardHidden|orientation|screenSize" />
196-->src/main/AndroidManifest.xml:96:13-74
197        <activity
197-->src/main/AndroidManifest.xml:97:9-99:77
198            android:name="com.dooo.android.Player"
198-->src/main/AndroidManifest.xml:98:13-35
199            android:configChanges="keyboardHidden|orientation|screenSize" />
199-->src/main/AndroidManifest.xml:99:13-74
200        <activity android:name="com.dooo.android.SubscriptionDetails" />
200-->src/main/AndroidManifest.xml:100:9-57
200-->src/main/AndroidManifest.xml:100:19-54
201        <activity android:name="com.dooo.android.SubscriptionList" />
201-->src/main/AndroidManifest.xml:101:9-54
201-->src/main/AndroidManifest.xml:101:19-51
202        <activity android:name="com.dooo.android.Subscription" />
202-->src/main/AndroidManifest.xml:102:9-50
202-->src/main/AndroidManifest.xml:102:19-47
203        <activity android:name="com.dooo.android.Favorites" />
203-->src/main/AndroidManifest.xml:103:9-47
203-->src/main/AndroidManifest.xml:103:19-44
204        <activity android:name="com.dooo.android.WebSeriesDetails" />
204-->src/main/AndroidManifest.xml:104:9-54
204-->src/main/AndroidManifest.xml:104:19-51
205        <activity android:name="com.dooo.android.Maintenance" />
205-->src/main/AndroidManifest.xml:105:9-49
205-->src/main/AndroidManifest.xml:105:19-46
206        <activity android:name="com.dooo.android.WebView" />
206-->src/main/AndroidManifest.xml:106:9-45
206-->src/main/AndroidManifest.xml:106:19-42
207        <activity
207-->src/main/AndroidManifest.xml:107:9-109:77
208            android:name="com.dooo.android.TrailerPlayer"
208-->src/main/AndroidManifest.xml:108:13-42
209            android:configChanges="keyboardHidden|orientation|screenSize" />
209-->src/main/AndroidManifest.xml:109:13-74
210        <activity android:name="com.dooo.android.MovieDetails" />
210-->src/main/AndroidManifest.xml:110:9-50
210-->src/main/AndroidManifest.xml:110:19-47
211        <activity android:name="com.dooo.android.LoginSignup" />
211-->src/main/AndroidManifest.xml:111:9-49
211-->src/main/AndroidManifest.xml:111:19-46
212        <activity android:name="com.dooo.android.Home" />
212-->src/main/AndroidManifest.xml:112:9-42
212-->src/main/AndroidManifest.xml:112:19-39
213        <activity
213-->src/main/AndroidManifest.xml:113:9-121:20
214            android:name="com.dooo.android.Splash"
214-->src/main/AndroidManifest.xml:114:13-35
215            android:exported="true" >
215-->src/main/AndroidManifest.xml:115:13-36
216            <intent-filter>
216-->src/main/AndroidManifest.xml:116:13-120:29
217                <action android:name="android.intent.action.MAIN" />
217-->src/main/AndroidManifest.xml:117:17-69
217-->src/main/AndroidManifest.xml:117:25-66
218
219                <category android:name="android.intent.category.LAUNCHER" />
219-->src/main/AndroidManifest.xml:119:17-77
219-->src/main/AndroidManifest.xml:119:27-74
220            </intent-filter>
221        </activity>
222
223        <meta-data
223-->src/main/AndroidManifest.xml:123:9-125:60
224            android:name="com.google.android.gms.ads.APPLICATION_ID"
224-->src/main/AndroidManifest.xml:124:13-69
225            android:value="@string/admob_application_id" />
225-->src/main/AndroidManifest.xml:125:13-57
226        <meta-data
226-->src/main/AndroidManifest.xml:126:9-128:55
227            android:name="com.startapp.sdk.APPLICATION_ID"
227-->src/main/AndroidManifest.xml:127:13-59
228            android:value="@string/startapp_app_id" />
228-->src/main/AndroidManifest.xml:128:13-52
229        <meta-data
229-->src/main/AndroidManifest.xml:129:9-131:55
230            android:name="com.facebook.sdk.ApplicationId"
230-->src/main/AndroidManifest.xml:130:13-58
231            android:value="@string/facebook_app_id" />
231-->src/main/AndroidManifest.xml:131:13-52
232        <meta-data
232-->src/main/AndroidManifest.xml:132:9-134:56
233            android:name="applovin.sdk.key"
233-->src/main/AndroidManifest.xml:133:13-44
234            android:value="@string/applovin_sdk_key" />
234-->src/main/AndroidManifest.xml:134:13-53
235
236        <provider
237            android:name="androidx.core.content.FileProvider"
237-->src/main/AndroidManifest.xml:137:13-62
238            android:authorities="com.dooo.android.provider"
238-->src/main/AndroidManifest.xml:138:13-60
239            android:exported="false"
239-->src/main/AndroidManifest.xml:139:13-37
240            android:grantUriPermissions="true" >
240-->src/main/AndroidManifest.xml:140:13-47
241            <meta-data
241-->src/main/AndroidManifest.xml:141:13-143:58
242                android:name="android.support.FILE_PROVIDER_PATHS"
242-->src/main/AndroidManifest.xml:142:17-67
243                android:resource="@xml/provider_paths" />
243-->src/main/AndroidManifest.xml:143:17-55
244        </provider>
245
246        <activity
246-->src/main/AndroidManifest.xml:146:9-150:80
247            android:name="com.adcolony.sdk.AdColonyInterstitialActivity"
247-->src/main/AndroidManifest.xml:147:13-73
248            android:configChanges="keyboardHidden|orientation|screenSize"
248-->src/main/AndroidManifest.xml:148:13-74
249            android:hardwareAccelerated="true"
249-->src/main/AndroidManifest.xml:149:13-47
250            android:theme="@android:style/Theme.Black.NoTitleBar.Fullscreen" />
250-->src/main/AndroidManifest.xml:150:13-77
251        <activity
251-->src/main/AndroidManifest.xml:151:9-155:80
252            android:name="com.adcolony.sdk.AdColonyAdViewActivity"
252-->src/main/AndroidManifest.xml:152:13-67
253            android:configChanges="keyboardHidden|orientation|screenSize"
253-->src/main/AndroidManifest.xml:153:13-74
254            android:hardwareAccelerated="true"
254-->src/main/AndroidManifest.xml:154:13-47
255            android:theme="@android:style/Theme.Black.NoTitleBar.Fullscreen" />
255-->src/main/AndroidManifest.xml:155:13-77
256
257        <receiver
257-->src/main/AndroidManifest.xml:157:9-163:20
258            android:name="com.razorpay.RzpTokenReceiver"
258-->src/main/AndroidManifest.xml:158:13-57
259            android:exported="true" >
259-->src/main/AndroidManifest.xml:159:13-36
260            <intent-filter>
260-->src/main/AndroidManifest.xml:160:13-162:29
261                <action android:name="rzp.device_token.share" />
261-->src/main/AndroidManifest.xml:161:17-65
261-->src/main/AndroidManifest.xml:161:25-62
262            </intent-filter>
263        </receiver>
264
265        <activity
265-->src/main/AndroidManifest.xml:165:9-177:20
266            android:name="com.razorpay.CheckoutActivity"
266-->src/main/AndroidManifest.xml:166:13-57
267            android:configChanges="keyboard|keyboardHidden|orientation|screenSize"
267-->src/main/AndroidManifest.xml:167:13-83
268            android:exported="true"
268-->src/main/AndroidManifest.xml:168:13-36
269            android:theme="@style/CheckoutTheme" >
269-->src/main/AndroidManifest.xml:169:13-49
270            <intent-filter>
270-->src/main/AndroidManifest.xml:170:13-176:29
271                <action android:name="android.intent.action.MAIN" />
271-->src/main/AndroidManifest.xml:117:17-69
271-->src/main/AndroidManifest.xml:117:25-66
272
273                <data
273-->src/main/AndroidManifest.xml:173:17-175:47
274                    android:host="rzp.io"
274-->src/main/AndroidManifest.xml:174:21-42
275                    android:scheme="io.rzp" />
275-->src/main/AndroidManifest.xml:175:21-44
276            </intent-filter>
277            <intent-filter>
277-->[com.razorpay:checkout:1.6.29] AndroidManifest.xml:58:13-60:29
278                <action android:name="android.intent.action.MAIN" />
278-->src/main/AndroidManifest.xml:117:17-69
278-->src/main/AndroidManifest.xml:117:25-66
279            </intent-filter>
280        </activity>
281        <activity
281-->[unity-ads.aar] AndroidManifest.xml:14:9-18:74
282            android:name="com.unity3d.services.ads.adunit.AdUnitActivity"
282-->[unity-ads.aar] AndroidManifest.xml:15:13-74
283            android:configChanges="fontScale|keyboard|keyboardHidden|locale|mnc|mcc|navigation|orientation|screenLayout|screenSize|smallestScreenSize|uiMode|touchscreen"
283-->[unity-ads.aar] AndroidManifest.xml:16:13-170
284            android:hardwareAccelerated="true"
284-->[unity-ads.aar] AndroidManifest.xml:17:13-47
285            android:theme="@android:style/Theme.NoTitleBar.Fullscreen" />
285-->[unity-ads.aar] AndroidManifest.xml:18:13-71
286        <activity